<?xml version="1.0" encoding="UTF-8"?>
<testng-results ignored="0" total="1" passed="1" failed="0" skipped="0">
  <reporter-output>
  </reporter-output>
  <suite started-at="2023-05-04T21:01:57 IST" name="Suite" finished-at="2023-05-04T21:02:58 IST" duration-ms="60830">
    <groups>
    </groups>
    <test started-at="2023-05-04T21:01:57 IST" name="Fb_001" finished-at="2023-05-04T21:02:58 IST" duration-ms="60830">
      <class name="com.qa.testscripts.Fb_001">
        <test-method is-config="true" signature="setup(java.lang.String)[pri:0, instance:com.qa.testscripts.Fb_001@76c3e77a]" started-at="2023-05-04T21:01:57 IST" name="setup" finished-at="2023-05-04T21:02:28 IST" duration-ms="31318" status="PASS">
          <params>
            <param index="0">
              <value>
                <![CDATA[https://www.fb.com/]]>
              </value>
            </param>
          </params>
          <reporter-output>
          </reporter-output>
        </test-method> <!-- setup -->
        <test-method signature="testcase_001()[pri:0, instance:com.qa.testscripts.Fb_001@76c3e77a]" started-at="2023-05-04T21:02:28 IST" name="testcase_001" finished-at="2023-05-04T21:02:58 IST" duration-ms="29325" status="PASS">
          <reporter-output>
          </reporter-output>
        </test-method> <!-- testcase_001 -->
      </class> <!-- com.qa.testscripts.Fb_001 -->
    </test> <!-- Fb_001 -->
  </suite> <!-- Suite -->
</testng-results>
